nohup: ignoring input
[2026-01-23 08:34:41.285]: Info: Sunshine version: 2025.924.154138 commit: 86188d47a7463b0f73b35de18a628353adeaa20e
[2026-01-23 08:34:41.286]: Info: Package Publisher: LizardByte
[2026-01-23 08:34:41.286]: Info: Publisher Website: https://app.lizardbyte.dev
[2026-01-23 08:34:41.286]: Info: Get support: https://app.lizardbyte.dev/support
[2026-01-23 08:34:41.659]: Info: Found [0] outputs
[2026-01-23 08:34:41.659]: Info: Virtual Desktop: 8x8
[2026-01-23 08:34:41.659]: Info: XrandR: available
[2026-01-23 08:34:41.689]: Error: Couldn't release NvFBC context from current thread: 
[2026-01-23 08:34:41.689]: Info: /dev/dri/card1 -> nvidia-drm
[2026-01-23 08:34:41.689]: Error: Environment variable WAYLAND_DISPLAY has not been defined
[2026-01-23 08:34:41.690]: Info: Detecting displays
[2026-01-23 08:34:41.692]: Info: Detected display: HDMI-0 (id: 0)HDMI-0 connected: false
[2026-01-23 08:34:41.694]: Info: Detected display: DP-0 (id: 1)DP-0 connected: false
[2026-01-23 08:34:41.694]: Info: Detected display: DP-1 (id: 2)DP-1 connected: false
[2026-01-23 08:34:41.694]: Info: Detected display: DP-2 (id: 3)DP-2 connected: false
[2026-01-23 08:34:41.694]: Info: Detected display: DP-3 (id: 4)DP-3 connected: false
[2026-01-23 08:34:41.694]: Info: Detected display: DP-4 (id: 5)DP-4 connected: false
[2026-01-23 08:34:41.694]: Info: Detected display: DP-5 (id: 6)DP-5 connected: false
[2026-01-23 08:34:41.802]: Info: // Testing for available encoders, this may generate errors. You can safely ignore those errors. //
[2026-01-23 08:34:41.802]: Info: Trying encoder [nvenc]
[2026-01-23 08:34:41.802]: Info: Screencasting with X11
[2026-01-23 08:34:41.817]: Info: Creating encoder [h264_nvenc]
[2026-01-23 08:34:41.817]: Info: Color coding: SDR (Rec. 601)
[2026-01-23 08:34:41.817]: Info: Color depth: 8-bit
[2026-01-23 08:34:41.817]: Info: Color range: JPEG
[2026-01-23 08:34:41.944]: Info: Streaming bitrate is 1000000
[2026-01-23 08:34:42.209]: Info: Creating encoder [hevc_nvenc]
[2026-01-23 08:34:42.209]: Info: Color coding: SDR (Rec. 601)
[2026-01-23 08:34:42.209]: Info: Color depth: 8-bit
[2026-01-23 08:34:42.209]: Info: Color range: JPEG
[2026-01-23 08:34:42.209]: Info: Streaming bitrate is 1000000
[2026-01-23 08:34:42.470]: Info: Creating encoder [av1_nvenc]
[2026-01-23 08:34:42.471]: Info: Color coding: SDR (Rec. 601)
[2026-01-23 08:34:42.471]: Info: Color depth: 8-bit
[2026-01-23 08:34:42.471]: Info: Color range: JPEG
[2026-01-23 08:34:42.471]: Info: Streaming bitrate is 1000000
[2026-01-23 08:34:42.733]: Info: Screencasting with X11
[2026-01-23 08:34:42.734]: Info: Creating encoder [hevc_nvenc]
[2026-01-23 08:34:42.735]: Info: Color coding: SDR (Rec. 709)
[2026-01-23 08:34:42.735]: Info: Color depth: 10-bit
[2026-01-23 08:34:42.735]: Info: Color range: JPEG
[2026-01-23 08:34:42.735]: Info: Streaming bitrate is 1000000
[2026-01-23 08:34:42.764]: Error: cuda::cuda_t doesn't support any format other than AV_PIX_FMT_NV12
[2026-01-23 08:34:42.997]: Info: Creating encoder [av1_nvenc]
[2026-01-23 08:34:42.997]: Info: Color coding: SDR (Rec. 709)
[2026-01-23 08:34:42.997]: Info: Color depth: 10-bit
[2026-01-23 08:34:42.997]: Info: Color range: JPEG
[2026-01-23 08:34:42.997]: Info: Streaming bitrate is 1000000
[2026-01-23 08:34:43.027]: Error: cuda::cuda_t doesn't support any format other than AV_PIX_FMT_NV12
[2026-01-23 08:34:43.259]: Info: 
[2026-01-23 08:34:43.259]: Info: // Ignore any errors mentioned above, they are not relevant. //
[2026-01-23 08:34:43.259]: Info: 
[2026-01-23 08:34:43.259]: Info: Found H.264 encoder: h264_nvenc [nvenc]
[2026-01-23 08:34:43.259]: Info: Found HEVC encoder: hevc_nvenc [nvenc]
[2026-01-23 08:34:43.259]: Info: Found AV1 encoder: av1_nvenc [nvenc]
[2026-01-23 08:34:43.260]: Info: Starting system tray
[2026-01-23 08:34:43.262]: Info: Adding avahi service shiva
[2026-01-23 08:34:43.266]: Info: Configuration UI available at [https://localhost:47990]
[2026-01-23 08:34:43.327]: Info: System tray created
[2026-01-23 08:34:43.327]: Info: Starting main loop
[2026-01-23 08:34:44.119]: Info: Avahi service shiva successfully established.
[2026-01-23 08:38:49.145]: Info: // Testing for available encoders, this may generate errors. You can safely ignore those errors. //
[2026-01-23 08:38:49.145]: Info: Trying encoder [nvenc]
[2026-01-23 08:38:49.145]: Info: Screencasting with X11
[2026-01-23 08:38:49.146]: Info: Creating encoder [h264_nvenc]
[2026-01-23 08:38:49.146]: Info: Color coding: SDR (Rec. 601)
[2026-01-23 08:38:49.146]: Info: Color depth: 8-bit
[2026-01-23 08:38:49.146]: Info: Color range: JPEG
[2026-01-23 08:38:49.148]: Info: Streaming bitrate is 1000000
[2026-01-23 08:38:49.428]: Info: Creating encoder [hevc_nvenc]
[2026-01-23 08:38:49.428]: Info: Color coding: SDR (Rec. 601)
[2026-01-23 08:38:49.428]: Info: Color depth: 8-bit
[2026-01-23 08:38:49.428]: Info: Color range: JPEG
[2026-01-23 08:38:49.428]: Info: Streaming bitrate is 1000000
[2026-01-23 08:38:49.692]: Info: Creating encoder [av1_nvenc]
[2026-01-23 08:38:49.692]: Info: Color coding: SDR (Rec. 601)
[2026-01-23 08:38:49.692]: Info: Color depth: 8-bit
[2026-01-23 08:38:49.692]: Info: Color range: JPEG
[2026-01-23 08:38:49.693]: Info: Streaming bitrate is 1000000
[2026-01-23 08:38:49.957]: Info: Screencasting with X11
[2026-01-23 08:38:49.959]: Info: Creating encoder [hevc_nvenc]
[2026-01-23 08:38:49.959]: Info: Color coding: SDR (Rec. 709)
[2026-01-23 08:38:49.959]: Info: Color depth: 10-bit
[2026-01-23 08:38:49.959]: Info: Color range: JPEG
[2026-01-23 08:38:49.959]: Info: Streaming bitrate is 1000000
[2026-01-23 08:38:49.988]: Error: cuda::cuda_t doesn't support any format other than AV_PIX_FMT_NV12
[2026-01-23 08:38:50.222]: Info: Creating encoder [av1_nvenc]
[2026-01-23 08:38:50.222]: Info: Color coding: SDR (Rec. 709)
[2026-01-23 08:38:50.222]: Info: Color depth: 10-bit
[2026-01-23 08:38:50.222]: Info: Color range: JPEG
[2026-01-23 08:38:50.222]: Info: Streaming bitrate is 1000000
[2026-01-23 08:38:50.253]: Error: cuda::cuda_t doesn't support any format other than AV_PIX_FMT_NV12
[2026-01-23 08:38:50.485]: Info: 
[2026-01-23 08:38:50.485]: Info: // Ignore any errors mentioned above, they are not relevant. //
[2026-01-23 08:38:50.485]: Info: 
[2026-01-23 08:38:50.485]: Info: Found H.264 encoder: h264_nvenc [nvenc]
[2026-01-23 08:38:50.485]: Info: Found HEVC encoder: hevc_nvenc [nvenc]
[2026-01-23 08:38:50.485]: Info: Found AV1 encoder: av1_nvenc [nvenc]
[2026-01-23 08:38:50.485]: Info: Spawning [setsid steam steam://open/bigpicture] in ["/usr/bin"]
[2026-01-23 08:38:50.506]: Info: Executing [Desktop]
[2026-01-23 08:38:53.752]: Info: New streaming session started [active sessions: 1]
[2026-01-23 08:39:03.754]: Error: Initial Ping Timeout
[2026-01-23 08:39:03.754]: Error: Initial Ping Timeout
[2026-01-23 08:39:03.817]: Info: 127.0.0.1: Ping Timeout
